<?xml version="1.0" encoding="UTF-8"?>
<!-- Generated by org.testng.reporters.JUnitReportReporter -->
<testsuite hostname="DESKTOP-MMK2S3A" failures="0" tests="1" name="testCases.TC_003_SearchProductTest" time="1.337" errors="0" timestamp="2023-04-11T08:55:22 GMT-04:00" skipped="0">
  <testcase classname="testCases.TC_003_SearchProductTest" name="test_searchPruduct" time="1.337"/>
  <system-out/>
</testsuite> <!-- testCases.TC_003_SearchProductTest -->
