<?xml version="1.0" encoding="UTF-8"?>
<!-- Generated by org.testng.reporters.JUnitReportReporter -->
<testsuite hostname="DESKTOP-MMK2S3A" failures="0" tests="1" name="testCases.TC_002_LoginTest" time="2.153" errors="0" timestamp="2023-04-11T08:55:22 GMT-04:00" skipped="0">
  <testcase classname="testCases.TC_002_LoginTest" name="test_Login" time="2.153"/>
  <system-out/>
</testsuite> <!-- testCases.TC_002_LoginTest -->
