<?xml version="1.0" encoding="UTF-8"?>
<!-- Generated by org.testng.reporters.JUnitReportReporter -->
<testsuite skipped="0" hostname="DESKTOP-MMK2S3A" name="testCases.TC_001_AccountRegistrationTest" tests="1" failures="0" timestamp="11 Apr 2023 16:27:30 GMT" time="4.174" errors="0">
  <testcase name="test_account_Registration" time="4.174" classname="testCases.TC_001_AccountRegistrationTest"/>
</testsuite> <!-- testCases.TC_001_AccountRegistrationTest -->
