<?xml version="1.0" encoding="UTF-8"?>
<!-- Generated by org.testng.reporters.JUnitReportReporter -->
<testsuite skipped="0" hostname="DESKTOP-MMK2S3A" name="testCases.TC_002_LoginTest" tests="1" failures="0" timestamp="11 Apr 2023 16:27:30 GMT" time="2.024" errors="0">
  <testcase name="test_Login" time="2.024" classname="testCases.TC_002_LoginTest"/>
</testsuite> <!-- testCases.TC_002_LoginTest -->
