<?xml version="1.0" encoding="UTF-8"?>
<!-- Generated by org.testng.reporters.JUnitReportReporter -->
<testsuite skipped="0" hostname="DESKTOP-MMK2S3A" name="testCases.TC_003_SearchProductTest" tests="1" failures="0" timestamp="11 Apr 2023 16:27:30 GMT" time="1.393" errors="0">
  <testcase name="test_searchPruduct" time="1.393" classname="testCases.TC_003_SearchProductTest"/>
</testsuite> <!-- testCases.TC_003_SearchProductTest -->
