<?xml version="1.0" encoding="UTF-8"?>
<!-- Generated by org.testng.reporters.JUnitReportReporter -->
<testsuite hostname="DESKTOP-MMK2S3A" failures="0" tests="1" name="testCases.TC_001_AccountRegistrationTest" time="3.754" errors="0" timestamp="2023-04-11T09:17:22 GMT-04:00" skipped="0">
  <testcase classname="testCases.TC_001_AccountRegistrationTest" name="test_account_Registration" time="3.754"/>
  <system-out/>
</testsuite> <!-- testCases.TC_001_AccountRegistrationTest -->
